<?xml version="1.0" encoding="UTF-8"?>
<testsuite xmlns:xsi="http://www.w3.org/2001/XMLSchema-instance" xsi:noNamespaceSchemaLocation="https://maven.apache.org/surefire/maven-surefire-plugin/xsd/surefire-test-report.xsd" name="com.google.sps.test.PlacesFetcherTest" time="0.848" tests="2" errors="0" skipped="0" failures="0">
  <properties>
[...]
</properties>
  <testcase name="fetch_zeroSearchResults_returnsEmptyList" classname="com.google.sps.test.PlacesFetcherTest" time="0.841"/>
  <testcase name="fetch_validSearchResults_returnsListOfPlaces" classname="com.google.sps.test.PlacesFetcherTest" time="0.006"/>
</testsuite>